<?xml version="1.0" encoding="utf-8"?><testsuites name="pytest tests"><testsuite name="pytest" errors="0" failures="0" skipped="0" tests="22" time="4.589" timestamp="2026-06-20T10:54:49.849911+00:00" hostname="agent-env-b0cf24e8-9bfb-412b-ae73-d8dddd6e3461"><testcase classname="backend.tests.test_onelightstays_api" name="test_health" time="0.217" /><testcase classname="backend.tests.test_onelightstays_api" name="test_auth_me_admin" time="0.326" /><testcase classname="backend.tests.test_onelightstays_api" name="test_auth_me_user" time="0.369" /><testcase classname="backend.tests.test_onelightstays_api" name="test_login_wrong_password" time="0.271" /><testcase classname="backend.tests.test_onelightstays_api" name="test_invalid_otp" time="0.323" /><testcase classname="backend.tests.test_onelightstays_api" name="test_otp_not_found" time="0.047" /><testcase classname="backend.tests.test_onelightstays_api" name="test_forgot_and_reset_password" time="0.932" /><testcase classname="backend.tests.test_onelightstays_api" name="test_change_password_requires_current" time="0.274" /><testcase classname="backend.tests.test_onelightstays_api" name="test_list_properties" time="0.048" /><testcase classname="backend.tests.test_onelightstays_api" name="test_filter_properties" time="0.200" /><testcase classname="backend.tests.test_onelightstays_api" name="test_property_detail_with_rooms_and_reviews" time="0.099" /><testcase classname="backend.tests.test_onelightstays_api" name="test_admin_property_crud" time="0.107" /><testcase classname="backend.tests.test_onelightstays_api" name="test_non_admin_forbidden" time="0.049" /><testcase classname="backend.tests.test_onelightstays_api" name="test_admin_room_update" time="0.100" /><testcase classname="backend.tests.test_onelightstays_api" name="test_booking_invalid_dates" time="0.057" /><testcase classname="backend.tests.test_onelightstays_api" name="test_my_bookings" time="0.104" /><testcase classname="backend.tests.test_onelightstays_api" name="test_cancel_booking_owner" time="0.105" /><testcase classname="backend.tests.test_onelightstays_api" name="test_cancel_booking_other_user_forbidden" time="0.383" /><testcase classname="backend.tests.test_onelightstays_api" name="test_wishlist_toggle_and_get" time="0.153" /><testcase classname="backend.tests.test_onelightstays_api" name="test_create_review_updates_property" time="0.164" /><testcase classname="backend.tests.test_onelightstays_api" name="test_admin_stats" time="0.057" /><testcase classname="backend.tests.test_onelightstays_api" name="test_zzz_cleanup" time="0.100" /></testsuite></testsuites>